#
# There is insufficient memory for the Java Runtime Environment to continue.
# Native memory allocation (malloc) failed to allocate 1286416 bytes for Chunk::new
# Possible reasons:
#   The system is out of physical RAM or swap space
#   In 32 bit mode, the process size limit was hit
# Possible solutions:
#   Reduce memory load on the system
#   Increase physical memory or swap space
#   Check if swap backing store is full
#   Use 64 bit Java on a 64 bit OS
#   Decrease Java heap size (-Xmx/-Xms)
#   Decrease number of Java threads
#   Decrease Java thread stack sizes (-Xss)
#   Set larger code cache with -XX:ReservedCodeCacheSize=
# This output file may be truncated or incomplete.
#
#  Out of Memory Error (allocation.cpp:390), pid=4632, tid=3068
#
# JRE version: Java(TM) SE Runtime Environment (8.0_45-b14) (build 1.8.0_45-b14)
# Java VM: Java HotSpot(TM) 64-Bit Server VM (25.45-b02 mixed mode windows-amd64 compressed oops)
# Failed to write core dump. Minidumps are not enabled by default on client versions of Windows
#

---------------  T H R E A D  ---------------

Current thread (0x00000000147ab800):  JavaThread "C2 CompilerThread0" daemon [_thread_in_native, id=3068, stack(0x0000000015d10000,0x0000000015e10000)]

Stack: [0x0000000015d10000,0x0000000015e10000]
Native frames: (J=compiled Java code, j=interpreted, Vv=VM code, C=native code)
V  [jvm.dll+0x32b57a]
V  [jvm.dll+0x279873]
V  [jvm.dll+0x27a509]
V  [jvm.dll+0x271825]
V  [jvm.dll+0xcb9e2]
V  [jvm.dll+0xcbeac]
V  [jvm.dll+0x476ef2]
V  [jvm.dll+0x4b955f]
V  [jvm.dll+0x46b92f]
V  [jvm.dll+0x46ccbe]
V  [jvm.dll+0x4500f2]
V  [jvm.dll+0xa4352]
V  [jvm.dll+0xa4c8f]
V  [jvm.dll+0x241984]
V  [jvm.dll+0x29853a]
C  [msvcr100.dll+0x21d9f]
C  [msvcr100.dll+0x21e3b]
C  [KERNEL32.DLL+0x12d92]
C  [ntdll.dll+0x9f64]


Current CompileTask:
C2:   2404 1205   !   4       com.android.dx.cf.code.BytecodeArray::parseInstruction (2764 bytes)


---------------  P R O C E S S  ---------------

Java Threads: ( => current thread )
  0x0000000016036800 JavaThread "Service Thread" daemon [_thread_blocked, id=8128, stack(0x0000000016410000,0x0000000016510000)]
  0x00000000147b3800 JavaThread "C1 CompilerThread2" daemon [_thread_in_native, id=4244, stack(0x0000000015f10000,0x0000000016010000)]
  0x00000000147b0800 JavaThread "C2 CompilerThread1" daemon [_thread_in_native, id=5080, stack(0x0000000015e10000,0x0000000015f10000)]
=>0x00000000147ab800 JavaThread "C2 CompilerThread0" daemon [_thread_in_native, id=3068, stack(0x0000000015d10000,0x0000000015e10000)]
  0x00000000147a9800 JavaThread "Attach Listener" daemon [_thread_blocked, id=1740, stack(0x0000000015c10000,0x0000000015d10000)]
  0x00000000147a8000 JavaThread "Signal Dispatcher" daemon [_thread_blocked, id=2648, stack(0x0000000015b10000,0x0000000015c10000)]
  0x00000000020d6000 JavaThread "Finalizer" daemon [_thread_blocked, id=1052, stack(0x0000000015a10000,0x0000000015b10000)]
  0x00000000020cd000 JavaThread "Reference Handler" daemon [_thread_blocked, id=3948, stack(0x0000000015910000,0x0000000015a10000)]
  0x0000000001fe0800 JavaThread "main" [_thread_in_Java, id=6168, stack(0x0000000001ee0000,0x0000000001fe0000)]

Other Threads:
  0x0000000014777800 VMThread [stack: 0x0000000015810000,0x0000000015910000] [id=6516]
  0x0000000016047800 WatcherThread [stack: 0x0000000016510000,0x0000000016610000] [id=3724]

VM state:not at safepoint (normal execution)

VM Mutex/Monitor currently owned by a thread: None

Heap:
 PSYoungGen      total 18944K, used 6166K [0x00000000eab00000, 0x00000000ec000000, 0x0000000100000000)
  eden space 16384K, 22% used [0x00000000eab00000,0x00000000eae85808,0x00000000ebb00000)
  from space 2560K, 100% used [0x00000000ebb00000,0x00000000ebd80000,0x00000000ebd80000)
  to   space 2560K, 0% used [0x00000000ebd80000,0x00000000ebd80000,0x00000000ec000000)
 ParOldGen       total 44032K, used 29219K [0x00000000c0000000, 0x00000000c2b00000, 0x00000000eab00000)
  object space 44032K, 66% used [0x00000000c0000000,0x00000000c1c88d08,0x00000000c2b00000)
 Metaspace       used 5648K, capacity 6896K, committed 7040K, reserved 1056768K
  class space    used 551K, capacity 616K, committed 640K, reserved 1048576K

Card table byte_map: [0x00000000114a0000,0x00000000116b0000] byte_map_base: 0x0000000010ea0000

Marking Bits: (ParMarkBitMap*) 0x00000000510d4040
 Begin Bits: [0x0000000011c10000, 0x0000000012c10000)
 End Bits:   [0x0000000012c10000, 0x0000000013c10000)

Polling page: 0x0000000001e00000

CodeCache: size=245760Kb used=4857Kb max_used=4857Kb free=240902Kb
 bounds [0x00000000020e0000, 0x00000000025b0000, 0x00000000110e0000]
 total_blobs=1485 nmethods=1220 adapters=178
 compilation: enabled

Compilation events (10 events):
Event: 0.946 Thread 0x00000000147b3800 1219       3       com.android.dx.rop.code.Rops::opConst (85 bytes)
Event: 0.947 Thread 0x00000000147b3800 nmethod 1219 0x0000000002596cd0 code [0x0000000002596f20, 0x0000000002597c28]
Event: 0.951 Thread 0x00000000147b3800 1222       3       com.android.dx.rop.cst.CstType::<init> (46 bytes)
Event: 0.951 Thread 0x00000000147b3800 nmethod 1222 0x000000000258e990 code [0x000000000258eb40, 0x000000000258efd8]
Event: 0.951 Thread 0x00000000147b3800 1223       3       com.android.dx.rop.type.Prototype::makeParameterArray (131 bytes)
Event: 0.952 Thread 0x00000000147b3800 nmethod 1223 0x00000000025981d0 code [0x0000000002598400, 0x0000000002598fd8]
Event: 0.953 Thread 0x00000000147b3800 1224       3       com.android.dx.cf.direct.StdAttributeFactory::parse0 (532 bytes)
Event: 0.959 Thread 0x00000000147b3800 nmethod 1224 0x0000000002599550 code [0x0000000002599ce0, 0x000000000259ded8]
Event: 0.959 Thread 0x00000000147b3800 1225       3       com.android.dx.cf.attrib.BaseAttribute::<init> (24 bytes)
Event: 0.959 Thread 0x00000000147b3800 nmethod 1225 0x0000000002583550 code [0x00000000025836c0, 0x0000000002583988]

GC Heap History (2 events):
Event: 0.711 GC heap before
{Heap before GC invocations=1 (full 0):
 PSYoungGen      total 18944K, used 16384K [0x00000000eab00000, 0x00000000ec000000, 0x0000000100000000)
  eden space 16384K, 100% used [0x00000000eab00000,0x00000000ebb00000,0x00000000ebb00000)
  from space 2560K, 0% used [0x00000000ebd80000,0x00000000ebd80000,0x00000000ec000000)
  to   space 2560K, 0% used [0x00000000ebb00000,0x00000000ebb00000,0x00000000ebd80000)
 ParOldGen       total 44032K, used 0K [0x00000000c0000000, 0x00000000c2b00000, 0x00000000eab00000)
  object space 44032K, 0% used [0x00000000c0000000,0x00000000c0000000,0x00000000c2b00000)
 Metaspace       used 5452K, capacity 6704K, committed 6784K, reserved 1056768K
  class space    used 548K, capacity 616K, committed 640K, reserved 1048576K
Event: 0.717 GC heap after
Heap after GC invocations=1 (full 0):
 PSYoungGen      total 18944K, used 2551K [0x00000000eab00000, 0x00000000ec000000, 0x0000000100000000)
  eden space 16384K, 0% used [0x00000000eab00000,0x00000000eab00000,0x00000000ebb00000)
  from space 2560K, 99% used [0x00000000ebb00000,0x00000000ebd7dc78,0x00000000ebd80000)
  to   space 2560K, 0% used [0x00000000ebd80000,0x00000000ebd80000,0x00000000ec000000)
 ParOldGen       total 44032K, used 1578K [0x00000000c0000000, 0x00000000c2b00000, 0x00000000eab00000)
  object space 44032K, 3% used [0x00000000c0000000,0x00000000c018ab60,0x00000000c2b00000)
 Metaspace       used 5452K, capacity 6704K, committed 6784K, reserved 1056768K
  class space    used 548K, capacity 616K, committed 640K, reserved 1048576K
}

Deoptimization events (5 events):
Event: 0.526 Thread 0x0000000001fe0800 Uncommon trap: reason=unstable_if action=reinterpret pc=0x00000000022ee7c0 method=java.util.HashMap.getNode(ILjava/lang/Object;)Ljava/util/HashMap$Node; @ 62
Event: 0.529 Thread 0x0000000001fe0800 Uncommon trap: reason=unstable_if action=reinterpret pc=0x0000000002348774 method=java.util.BitSet.ensureCapacity(I)V @ 6
Event: 0.529 Thread 0x0000000001fe0800 Uncommon trap: reason=unstable_if action=reinterpret pc=0x00000000022eda70 method=java.util.BitSet.nextSetBit(I)I @ 87
Event: 0.873 Thread 0x0000000001fe0800 Uncommon trap: reason=unstable_if action=reinterpret pc=0x00000000025002a8 method=com.android.dx.util.IntList.binarysearch(I)I @ 105
Event: 0.918 Thread 0x0000000001fe0800 Uncommon trap: reason=unstable_if action=reinterpret pc=0x0000000002348fdc method=java.util.HashMap.getNode(ILjava/lang/Object;)Ljava/util/HashMap$Node; @ 62

Internal exceptions (2 events):
Event: 0.044 Thread 0x0000000001fe0800 Exception <a 'java/lang/NoSuchMethodError': Method sun.misc.Unsafe.defineClass(Ljava/lang/String;[BII)Ljava/lang/Class; name or signature does not match> (0x00000000eab0d578) thrown at [C:\re\workspace\8-2-build-windows-amd64-cygwin\jdk8u45\3457\hotspot\sriM
Event: 0.044 Thread 0x0000000001fe0800 Exception <a 'java/lang/NoSuchMethodError': Method sun.misc.Unsafe.prefetchRead(Ljava/lang/Object;J)V name or signature does not match> (0x00000000eab0d808) thrown at [C:\re\workspace\8-2-build-windows-amd64-cygwin\jdk8u45\3457\hotspot\src\share\vm\prims\j

Events (10 events):
Event: 0.868 loading class com/android/dx/cf/attrib/AttConstantValue
Event: 0.868 loading class com/android/dx/cf/attrib/AttConstantValue done
Event: 0.873 Thread 0x0000000001fe0800 Uncommon trap: trap_request=0xffffff65 fr.pc=0x00000000025002a8
Event: 0.873 Thread 0x0000000001fe0800 DEOPT PACKING pc=0x00000000025002a8 sp=0x0000000001fde6b0
Event: 0.873 Thread 0x0000000001fe0800 DEOPT UNPACKING pc=0x000000000212582a sp=0x0000000001fde628 mode 2
Event: 0.918 Thread 0x0000000001fe0800 Uncommon trap: trap_request=0xffffff65 fr.pc=0x0000000002348fdc
Event: 0.918 Thread 0x0000000001fe0800 DEOPT PACKING pc=0x0000000002348fdc sp=0x0000000001fde760
Event: 0.918 Thread 0x0000000001fe0800 DEOPT UNPACKING pc=0x000000000212582a sp=0x0000000001fde690 mode 2
Event: 0.953 loading class com/android/dx/cf/direct/AnnotationParser
Event: 0.953 loading class com/android/dx/cf/direct/AnnotationParser done


Dynamic libraries:
0x00007ff64bc30000 - 0x00007ff64bc67000 	C:\Program Files\Java\jdk1.8.0_45\bin\java.exe
0x00007ff818e30000 - 0x00007ff818ff1000 	C:\WINDOWS\SYSTEM32\ntdll.dll
0x00007ff8184f0000 - 0x00007ff81859d000 	C:\WINDOWS\system32\KERNEL32.DLL
0x00007ff816260000 - 0x00007ff81643d000 	C:\WINDOWS\system32\KERNELBASE.dll
0x00007ff817ee0000 - 0x00007ff817f86000 	C:\WINDOWS\system32\ADVAPI32.dll
0x00007ff8183f0000 - 0x00007ff81848d000 	C:\WINDOWS\system32\msvcrt.dll
0x00007ff8165c0000 - 0x00007ff81661b000 	C:\WINDOWS\system32\sechost.dll
0x00007ff818940000 - 0x00007ff818a66000 	C:\WINDOWS\system32\RPCRT4.dll
0x00007ff817f90000 - 0x00007ff8180de000 	C:\WINDOWS\system32\USER32.dll
0x00007ff818bf0000 - 0x00007ff818d76000 	C:\WINDOWS\system32\GDI32.dll
0x00007ff80e000000 - 0x00007ff80e274000 	C:\WINDOWS\WinSxS\amd64_microsoft.windows.common-controls_6595b64144ccf1df_6.0.10240.16384_none_f41f7b285750ef43\COMCTL32.dll
0x00007ff818d80000 - 0x00007ff818db6000 	C:\WINDOWS\system32\IMM32.DLL
0x00007ff8180e0000 - 0x00007ff81823c000 	C:\WINDOWS\system32\MSCTF.dll
0x0000000050450000 - 0x0000000050522000 	C:\Program Files\Java\jdk1.8.0_45\jre\bin\msvcr100.dll
0x00000000508d0000 - 0x0000000051153000 	C:\Program Files\Java\jdk1.8.0_45\jre\bin\server\jvm.dll
0x00007ff816770000 - 0x00007ff816778000 	C:\WINDOWS\system32\PSAPI.DLL
0x00007ff814010000 - 0x00007ff814019000 	C:\WINDOWS\SYSTEM32\WSOCK32.dll
0x00007ff818820000 - 0x00007ff818889000 	C:\WINDOWS\system32\WS2_32.dll
0x00007ff818a70000 - 0x00007ff818a78000 	C:\WINDOWS\system32\NSI.dll
0x00007ff813f20000 - 0x00007ff813f43000 	C:\WINDOWS\SYSTEM32\WINMM.dll
0x00007ff811c90000 - 0x00007ff811c9a000 	C:\WINDOWS\SYSTEM32\VERSION.dll
0x00007ff813ec0000 - 0x00007ff813eec000 	C:\WINDOWS\SYSTEM32\WINMMBASE.dll
0x00007ff815900000 - 0x00007ff815944000 	C:\WINDOWS\system32\cfgmgr32.dll
0x00007ff8141d0000 - 0x00007ff8141f7000 	C:\WINDOWS\SYSTEM32\DEVOBJ.dll
0x00000000508c0000 - 0x00000000508cf000 	C:\Program Files\Java\jdk1.8.0_45\jre\bin\verify.dll
0x0000000050890000 - 0x00000000508b9000 	C:\Program Files\Java\jdk1.8.0_45\jre\bin\java.dll
0x0000000050870000 - 0x0000000050886000 	C:\Program Files\Java\jdk1.8.0_45\jre\bin\zip.dll
0x00007ff8169b0000 - 0x00007ff817ed2000 	C:\WINDOWS\system32\SHELL32.dll
0x00007ff815950000 - 0x00007ff815f79000 	C:\WINDOWS\system32\windows.storage.dll
0x00007ff8185a0000 - 0x00007ff81881c000 	C:\WINDOWS\system32\combase.dll
0x00007ff816950000 - 0x00007ff8169a1000 	C:\WINDOWS\system32\shlwapi.dll
0x00007ff8158d0000 - 0x00007ff8158df000 	C:\WINDOWS\system32\kernel.appcore.dll
0x00007ff816440000 - 0x00007ff8164f3000 	C:\WINDOWS\system32\shcore.dll
0x00007ff815880000 - 0x00007ff8158ca000 	C:\WINDOWS\system32\powrprof.dll
0x00007ff815860000 - 0x00007ff815873000 	C:\WINDOWS\system32\profapi.dll
0x00007ff805670000 - 0x00007ff8057fa000 	C:\WINDOWS\SYSTEM32\dbghelp.dll

VM Arguments:
jvm_args: -Xmx1024M -Dfile.encoding=windows-1252 -Duser.country=US -Duser.language=en -Duser.variant 
java_command: com.android.dx.command.Main --dex --output C:\Users\Shreenivas\AndroidStudioProjects\TestGCM1\app\build\intermediates\pre-dexed\debug\classes-a5d2d2510febe2b1e086e37e1463fb7ca4f1f393.jar C:\Users\Shreenivas\AndroidStudioProjects\TestGCM1\app\build\intermediates\exploded-aar\com.google.android.gms\play-services-base\7.5.0\jars\classes.jar
java_class_path (initial): C:\Users\Shreenivas\AppData\Local\Android\sdk\build-tools\22.0.1\lib\dx.jar
Launcher Type: SUN_STANDARD

Environment Variables:
PATH=C:\ProgramData\Oracle\Java\javapath;C:\Program Files\Broadcom\Broadcom 802.11;C:\Program Files (x86)\Intel\iCLS Client\;C:\Program Files\Intel\iCLS Client\;C:\WINDOWS\system32;C:\WINDOWS;C:\WINDOWS\System32\Wbem;C:\WINDOWS\System32\WindowsPowerShell\v1.0\;;C:\Program Files\Intel\Intel(R) Management Engine Components\DAL;C:\Program Files\Intel\Intel(R) Management Engine Components\IPT;C:\Program Files (x86)\Intel\Intel(R) Management Engine Components\DAL;C:\Program Files (x86)\Intel\Intel(R) Management Engine Components\IPT;C:\Program Files (x86)\Common Files\lenovo\easyplussdk\bin;C:\Program Files (x86)\Calibre2\;C:\Program Files (x86)\NVIDIA Corporation\PhysX\Common;C:\WINDOWS\system32;C:\WINDOWS;C:\WINDOWS\System32\Wbem;C:\WINDOWS\System32\WindowsPowerShell\v1.0\;C:\Users\Shreenivas\AppData\Local\Android\sdk\platform-tools\
USERNAME=Shreenivas
OS=Windows_NT
PROCESSOR_IDENTIFIER=Intel64 Family 6 Model 69 Stepping 1, GenuineIntel



---------------  S Y S T E M  ---------------

OS: Windows 10.0 , 64 bit Build 10240 (10.0.10240.16384)

CPU:total 4 (2 cores per cpu, 2 threads per core) family 6 model 69 stepping 1, cmov, cx8, fxsr, mmx, sse, sse2, sse3, ssse3, sse4.1, sse4.2, popcnt, avx, avx2, aes, clmul, erms, lzcnt, ht, tsc, tscinvbit, bmi1, bmi2

Memory: 4k page, physical 4122776k(804376k free), swap 16705688k(13616k free)

vm_info: Java HotSpot(TM) 64-Bit Server VM (25.45-b02) for windows-amd64 JRE (1.8.0_45-b14), built on Apr 10 2015 10:34:15 by "java_re" with MS VC++ 10.0 (VS2010)

time: Thu Aug 27 02:13:17 2015
elapsed time: 2 seconds (0d 0h 0m 2s)

